c:\users\ga1b\source\repos\arigatou1\new-mahousyoujo\new_mahousyoujo\x64\debug\vc142.pdb
c:\users\ga1b\source\repos\arigatou1\new-mahousyoujo\new_mahousyoujo\x64\debug\vc142.idb
c:\users\ga1b\source\repos\arigatou1\new-mahousyoujo\new_mahousyoujo\x64\debug\objboss1.obj
c:\users\ga1b\source\repos\arigatou1\new-mahousyoujo\new_mahousyoujo\x64\debug\objblock.obj
c:\users\ga1b\source\repos\arigatou1\new-mahousyoujo\new_mahousyoujo\x64\debug\objbarrier.obj
c:\users\ga1b\source\repos\arigatou1\new-mahousyoujo\new_mahousyoujo\x64\debug\objbackground.obj
c:\users\ga1b\source\repos\arigatou1\new-mahousyoujo\new_mahousyoujo\x64\debug\objallbullet.obj
c:\users\ga1b\source\repos\arigatou1\new-mahousyoujo\new_mahousyoujo\x64\debug\wininputs.obj
c:\users\ga1b\source\repos\arigatou1\new-mahousyoujo\new_mahousyoujo\x64\debug\userdata.obj
c:\users\ga1b\source\repos\arigatou1\new-mahousyoujo\new_mahousyoujo\x64\debug\setwindow.obj
c:\users\ga1b\source\repos\arigatou1\new-mahousyoujo\new_mahousyoujo\x64\debug\sceneobjmanager.obj
c:\users\ga1b\source\repos\arigatou1\new-mahousyoujo\new_mahousyoujo\x64\debug\scenemanager.obj
c:\users\ga1b\source\repos\arigatou1\new-mahousyoujo\new_mahousyoujo\x64\debug\multithread.obj
c:\users\ga1b\source\repos\arigatou1\new-mahousyoujo\new_mahousyoujo\x64\debug\hitboxmanager.obj
c:\users\ga1b\source\repos\arigatou1\new-mahousyoujo\new_mahousyoujo\x64\debug\gamel_main.obj
c:\users\ga1b\source\repos\arigatou1\new-mahousyoujo\new_mahousyoujo\x64\debug\drawtexture.obj
c:\users\ga1b\source\repos\arigatou1\new-mahousyoujo\new_mahousyoujo\x64\debug\drawfont.obj
c:\users\ga1b\source\repos\arigatou1\new-mahousyoujo\new_mahousyoujo\x64\debug\draw2dtex_source.obj
c:\users\ga1b\source\repos\arigatou1\new-mahousyoujo\new_mahousyoujo\x64\debug\directxdevice.obj
c:\users\ga1b\source\repos\arigatou1\new-mahousyoujo\new_mahousyoujo\x64\debug\audio.obj
c:\users\ga1b\source\repos\arigatou1\new-mahousyoujo\new_mahousyoujo\x64\debug\enemyappear.obj
c:\users\ga1b\source\repos\arigatou1\new-mahousyoujo\new_mahousyoujo\x64\debug\cobjhomingbullet.obj
c:\users\ga1b\source\repos\arigatou1\new-mahousyoujo\new_mahousyoujo\x64\debug\objmagicalgirl.obj
c:\users\ga1b\source\repos\arigatou1\new-mahousyoujo\new_mahousyoujo\x64\debug\objhero.obj
c:\users\ga1b\source\repos\arigatou1\new-mahousyoujo\new_mahousyoujo\x64\debug\objgaugemp.obj
c:\users\ga1b\source\repos\arigatou1\new-mahousyoujo\new_mahousyoujo\x64\debug\objgaugemana.obj
c:\users\ga1b\source\repos\arigatou1\new-mahousyoujo\new_mahousyoujo\x64\debug\objgaugehp.obj
c:\users\ga1b\source\repos\arigatou1\new-mahousyoujo\new_mahousyoujo\x64\debug\objgaugeboss.obj
c:\users\ga1b\source\repos\arigatou1\new-mahousyoujo\new_mahousyoujo\x64\debug\objgaugebasemana.obj
c:\users\ga1b\source\repos\arigatou1\new-mahousyoujo\new_mahousyoujo\x64\debug\objgaugebaseboss.obj
c:\users\ga1b\source\repos\arigatou1\new-mahousyoujo\new_mahousyoujo\x64\debug\objgaugebase.obj
c:\users\ga1b\source\repos\arigatou1\new-mahousyoujo\new_mahousyoujo\x64\debug\objgameover.obj
c:\users\ga1b\source\repos\arigatou1\new-mahousyoujo\new_mahousyoujo\x64\debug\objgameclear.obj
c:\users\ga1b\source\repos\arigatou1\new-mahousyoujo\new_mahousyoujo\x64\debug\objfireball.obj
c:\users\ga1b\source\repos\arigatou1\new-mahousyoujo\new_mahousyoujo\x64\debug\objenemyamount.obj
c:\users\ga1b\source\repos\arigatou1\new-mahousyoujo\new_mahousyoujo\x64\debug\objenemy4.obj
c:\users\ga1b\source\repos\arigatou1\new-mahousyoujo\new_mahousyoujo\x64\debug\objenemy2.obj
c:\users\ga1b\source\repos\arigatou1\new-mahousyoujo\new_mahousyoujo\x64\debug\objenemy.obj
c:\users\ga1b\source\repos\arigatou1\new-mahousyoujo\new_mahousyoujo\x64\debug\objdragon.obj
c:\users\ga1b\source\repos\arigatou1\new-mahousyoujo\new_mahousyoujo\x64\debug\objcustomize.obj
c:\users\ga1b\source\repos\arigatou1\new-mahousyoujo\new_mahousyoujo\x64\debug\objbullet.obj
c:\users\ga1b\source\repos\arigatou1\new-mahousyoujo\new_mahousyoujo\x64\debug\utilitymodule.obj
c:\users\ga1b\source\repos\arigatou1\new-mahousyoujo\new_mahousyoujo\x64\debug\scenetitle.obj
c:\users\ga1b\source\repos\arigatou1\new-mahousyoujo\new_mahousyoujo\x64\debug\scenemenu.obj
c:\users\ga1b\source\repos\arigatou1\new-mahousyoujo\new_mahousyoujo\x64\debug\scenemain.obj
c:\users\ga1b\source\repos\arigatou1\new-mahousyoujo\new_mahousyoujo\x64\debug\scenegameover.obj
c:\users\ga1b\source\repos\arigatou1\new-mahousyoujo\new_mahousyoujo\x64\debug\scenegameclear.obj
c:\users\ga1b\source\repos\arigatou1\new-mahousyoujo\new_mahousyoujo\x64\debug\objtitle.obj
c:\users\ga1b\source\repos\arigatou1\new-mahousyoujo\new_mahousyoujo\x64\debug\objsword.obj
c:\users\ga1b\source\repos\arigatou1\new-mahousyoujo\new_mahousyoujo\x64\debug\objstageselect.obj
c:\users\ga1b\source\repos\arigatou1\new-mahousyoujo\new_mahousyoujo\x64\debug\objsmallslim.obj
c:\users\ga1b\source\repos\arigatou1\new-mahousyoujo\new_mahousyoujo\x64\debug\objslimeball.obj
c:\users\ga1b\source\repos\arigatou1\new-mahousyoujo\new_mahousyoujo\x64\debug\objsetting.obj
c:\users\ga1b\source\repos\arigatou1\new-mahousyoujo\new_mahousyoujo\x64\debug\objpausemenu.obj
c:\users\ga1b\source\repos\arigatou1\new-mahousyoujo\new_mahousyoujo\x64\debug\objmodeselect.obj
c:\users\ga1b\source\repos\arigatou1\new-mahousyoujo\new_mahousyoujo\x64\debug\objmana.obj
c:\users\ga1b\source\repos\arigatou1\new-mahousyoujo\new_mahousyoujo\x64\debug\new_mahousyoujo.tlog\cl.command.1.tlog
c:\users\ga1b\source\repos\arigatou1\new-mahousyoujo\new_mahousyoujo\x64\debug\new_mahousyoujo.tlog\cl.read.1.tlog
c:\users\ga1b\source\repos\arigatou1\new-mahousyoujo\new_mahousyoujo\x64\debug\new_mahousyoujo.tlog\cl.write.1.tlog
