  ObjModeSelect.cpp
C:\Users\GA1B\source\repos\New-Mahousyoujo\New_MahouSyoujo\ObjHero.h(25,23): warning C4244: 'return': 'float' から 'int' への変換です。データが失われる可能性があります。
C:\Users\GA1B\source\repos\New-Mahousyoujo\New_MahouSyoujo\ObjHero.h(26,26): warning C4244: 'return': 'float' から 'int' への変換です。データが失われる可能性があります。
C:\Users\GA1B\source\repos\New-Mahousyoujo\New_MahouSyoujo\ObjBoss1.h(16,26): warning C4244: 'return': 'float' から 'int' への変換です。データが失われる可能性があります。
C:\Users\GA1B\source\repos\New-Mahousyoujo\New_MahouSyoujo\ObjBoss1.h(17,22): warning C4244: 'return': 'float' から 'int' への変換です。データが失われる可能性があります。
C:\Users\GA1B\source\repos\New-Mahousyoujo\New_MahouSyoujo\ObjModeSelect.cpp(196,20): warning C4244: '引数': 'int' から 'float' への変換です。データが失われる可能性があります。
C:\Users\GA1B\source\repos\New-Mahousyoujo\New_MahouSyoujo\ObjModeSelect.cpp(202,70): warning C4305: '引数': 'double' から 'float' へ切り詰めます。
  ObjSetting.cpp
C:\Users\GA1B\source\repos\New-Mahousyoujo\New_MahouSyoujo\ObjHero.h(25,23): warning C4244: 'return': 'float' から 'int' への変換です。データが失われる可能性があります。
C:\Users\GA1B\source\repos\New-Mahousyoujo\New_MahouSyoujo\ObjHero.h(26,26): warning C4244: 'return': 'float' から 'int' への変換です。データが失われる可能性があります。
C:\Users\GA1B\source\repos\New-Mahousyoujo\New_MahouSyoujo\ObjBoss1.h(16,26): warning C4244: 'return': 'float' から 'int' への変換です。データが失われる可能性があります。
C:\Users\GA1B\source\repos\New-Mahousyoujo\New_MahouSyoujo\ObjBoss1.h(17,22): warning C4244: 'return': 'float' から 'int' への変換です。データが失われる可能性があります。
C:\Users\GA1B\source\repos\New-Mahousyoujo\New_MahouSyoujo\ObjSetting.cpp(31,30): warning C4244: '=': 'float' から 'int' への変換です。データが失われる可能性があります。
C:\Users\GA1B\source\repos\New-Mahousyoujo\New_MahouSyoujo\ObjSetting.cpp(156,9): warning C4101: 'dst': ローカル変数は 1 度も使われていません。
C:\Users\GA1B\source\repos\New-Mahousyoujo\New_MahouSyoujo\ObjSetting.cpp(155,9): warning C4101: 'src': ローカル変数は 1 度も使われていません。
  ObjStageSelect.cpp
C:\Users\GA1B\source\repos\New-Mahousyoujo\New_MahouSyoujo\ObjHero.h(25,23): warning C4244: 'return': 'float' から 'int' への変換です。データが失われる可能性があります。
C:\Users\GA1B\source\repos\New-Mahousyoujo\New_MahouSyoujo\ObjHero.h(26,26): warning C4244: 'return': 'float' から 'int' への変換です。データが失われる可能性があります。
C:\Users\GA1B\source\repos\New-Mahousyoujo\New_MahouSyoujo\ObjBoss1.h(16,26): warning C4244: 'return': 'float' から 'int' への変換です。データが失われる可能性があります。
C:\Users\GA1B\source\repos\New-Mahousyoujo\New_MahouSyoujo\ObjBoss1.h(17,22): warning C4244: 'return': 'float' から 'int' への変換です。データが失われる可能性があります。
C:\Users\GA1B\source\repos\New-Mahousyoujo\New_MahouSyoujo\ObjStageSelect.cpp(44,65): warning C4244: '=': 'float' から 'int' への変換です。データが失われる可能性があります。
C:\Users\GA1B\source\repos\New-Mahousyoujo\New_MahouSyoujo\ObjStageSelect.cpp(205,60): warning C4244: '引数': 'int' から 'float' への変換です。データが失われる可能性があります。
  SceneMenu.cpp
C:\Users\GA1B\source\repos\New-Mahousyoujo\New_MahouSyoujo\GameL\SceneObjManager.h(4,1): warning C4005: '_SECURE_SCL': マクロが再定義されました。
C:\Users\GA1B\source\repos\New-Mahousyoujo\New_MahouSyoujo\SceneMenu.cpp(3): message : '_SECURE_SCL' の以前の定義を確認してください
C:\Users\GA1B\source\repos\New-Mahousyoujo\New_MahouSyoujo\GameL\SceneObjManager.h(5,1): warning C4005: '_HAS_ITERATOR_DEBUGGING': マクロが再定義されました。
C:\Users\GA1B\source\repos\New-Mahousyoujo\New_MahouSyoujo\SceneMenu.cpp(4): message : '_HAS_ITERATOR_DEBUGGING' の以前の定義を確認してください
C:\Users\GA1B\source\repos\New-Mahousyoujo\New_MahouSyoujo\ObjHero.h(25,23): warning C4244: 'return': 'float' から 'int' への変換です。データが失われる可能性があります。
C:\Users\GA1B\source\repos\New-Mahousyoujo\New_MahouSyoujo\ObjHero.h(26,26): warning C4244: 'return': 'float' から 'int' への変換です。データが失われる可能性があります。
C:\Users\GA1B\source\repos\New-Mahousyoujo\New_MahouSyoujo\ObjBoss1.h(16,26): warning C4244: 'return': 'float' から 'int' への変換です。データが失われる可能性があります。
C:\Users\GA1B\source\repos\New-Mahousyoujo\New_MahouSyoujo\ObjBoss1.h(17,22): warning C4244: 'return': 'float' から 'int' への変換です。データが失われる可能性があります。
  コード生成しています。
  6 of 1061 functions ( 0.6%) were compiled, the rest were copied from previous compilation.
    0 functions were new in current compilation
    4 functions had inline decision re-evaluated but remain unchanged
  コード生成が終了しました。
  New_MahouSyoujo.vcxproj -> C:\Users\GA1B\Source\Repos\New-Mahousyoujo\x64\Release\New_MahouSyoujo.exe
