c:\users\ga1b\desktop\new-mahousyoujo\new_mahousyoujo\x64\release\vc142.pdb
c:\users\ga1b\desktop\new-mahousyoujo\new_mahousyoujo\x64\release\objbarrier.obj
c:\users\ga1b\desktop\new-mahousyoujo\new_mahousyoujo\x64\release\objbackground.obj
c:\users\ga1b\desktop\new-mahousyoujo\new_mahousyoujo\x64\release\objallbullet.obj
c:\users\ga1b\desktop\new-mahousyoujo\new_mahousyoujo\x64\release\wininputs.obj
c:\users\ga1b\desktop\new-mahousyoujo\new_mahousyoujo\x64\release\userdata.obj
c:\users\ga1b\desktop\new-mahousyoujo\new_mahousyoujo\x64\release\setwindow.obj
c:\users\ga1b\desktop\new-mahousyoujo\new_mahousyoujo\x64\release\sceneobjmanager.obj
c:\users\ga1b\desktop\new-mahousyoujo\new_mahousyoujo\x64\release\scenemanager.obj
c:\users\ga1b\desktop\new-mahousyoujo\new_mahousyoujo\x64\release\multithread.obj
c:\users\ga1b\desktop\new-mahousyoujo\new_mahousyoujo\x64\release\hitboxmanager.obj
c:\users\ga1b\desktop\new-mahousyoujo\new_mahousyoujo\x64\release\gamel_main.obj
c:\users\ga1b\desktop\new-mahousyoujo\new_mahousyoujo\x64\release\drawtexture.obj
c:\users\ga1b\desktop\new-mahousyoujo\new_mahousyoujo\x64\release\drawfont.obj
c:\users\ga1b\desktop\new-mahousyoujo\new_mahousyoujo\x64\release\draw2dtex_source.obj
c:\users\ga1b\desktop\new-mahousyoujo\new_mahousyoujo\x64\release\directxdevice.obj
c:\users\ga1b\desktop\new-mahousyoujo\new_mahousyoujo\x64\release\audio.obj
c:\users\ga1b\desktop\new-mahousyoujo\new_mahousyoujo\x64\release\enemyappear.obj
c:\users\ga1b\desktop\new-mahousyoujo\new_mahousyoujo\x64\release\objdamegedisplay.obj
c:\users\ga1b\desktop\new-mahousyoujo\new_mahousyoujo\x64\release\cobjhomingbullet.obj
c:\users\ga1b\desktop\new-mahousyoujo\new_mahousyoujo\x64\release\clearfadeout.obj
c:\users\ga1b\desktop\new-mahousyoujo\new_mahousyoujo\x64\release\objmagicalgirl.obj
c:\users\ga1b\desktop\new-mahousyoujo\new_mahousyoujo\x64\release\objhero.obj
c:\users\ga1b\desktop\new-mahousyoujo\new_mahousyoujo\x64\release\objgaugemana.obj
c:\users\ga1b\desktop\new-mahousyoujo\new_mahousyoujo\x64\release\objgaugehp.obj
c:\users\ga1b\desktop\new-mahousyoujo\new_mahousyoujo\x64\release\objgaugeboss.obj
c:\users\ga1b\desktop\new-mahousyoujo\new_mahousyoujo\x64\release\objgaugebase.obj
c:\users\ga1b\desktop\new-mahousyoujo\new_mahousyoujo\x64\release\objgameover.obj
c:\users\ga1b\desktop\new-mahousyoujo\new_mahousyoujo\x64\release\objgameclear.obj
c:\users\ga1b\desktop\new-mahousyoujo\new_mahousyoujo\x64\release\objfireball.obj
c:\users\ga1b\desktop\new-mahousyoujo\new_mahousyoujo\x64\release\objenemyamount.obj
c:\users\ga1b\desktop\new-mahousyoujo\new_mahousyoujo\x64\release\objenemy4.obj
c:\users\ga1b\desktop\new-mahousyoujo\new_mahousyoujo\x64\release\objenemy3.obj
c:\users\ga1b\desktop\new-mahousyoujo\new_mahousyoujo\x64\release\objenemy2.obj
c:\users\ga1b\desktop\new-mahousyoujo\new_mahousyoujo\x64\release\objenemy.obj
c:\users\ga1b\desktop\new-mahousyoujo\new_mahousyoujo\x64\release\objendlessresult.obj
c:\users\ga1b\desktop\new-mahousyoujo\new_mahousyoujo\x64\release\objdragon.obj
c:\users\ga1b\desktop\new-mahousyoujo\new_mahousyoujo\x64\release\objcustomize.obj
c:\users\ga1b\desktop\new-mahousyoujo\new_mahousyoujo\x64\release\objbullet.obj
c:\users\ga1b\desktop\new-mahousyoujo\new_mahousyoujo\x64\release\objboss1.obj
c:\users\ga1b\desktop\new-mahousyoujo\new_mahousyoujo\x64\release\objblock.obj
c:\users\ga1b\desktop\new-mahousyoujo\new_mahousyoujo\x64\release\utilitymodule.obj
c:\users\ga1b\desktop\new-mahousyoujo\new_mahousyoujo\x64\release\scenetitle.obj
c:\users\ga1b\desktop\new-mahousyoujo\new_mahousyoujo\x64\release\scenemenu.obj
c:\users\ga1b\desktop\new-mahousyoujo\new_mahousyoujo\x64\release\scenemain.obj
c:\users\ga1b\desktop\new-mahousyoujo\new_mahousyoujo\x64\release\scenegameover.obj
c:\users\ga1b\desktop\new-mahousyoujo\new_mahousyoujo\x64\release\scenegameclear.obj
c:\users\ga1b\desktop\new-mahousyoujo\new_mahousyoujo\x64\release\objtitle.obj
c:\users\ga1b\desktop\new-mahousyoujo\new_mahousyoujo\x64\release\objsword.obj
c:\users\ga1b\desktop\new-mahousyoujo\new_mahousyoujo\x64\release\objstageselect.obj
c:\users\ga1b\desktop\new-mahousyoujo\new_mahousyoujo\x64\release\objsmallslim.obj
c:\users\ga1b\desktop\new-mahousyoujo\new_mahousyoujo\x64\release\objslimeball.obj
c:\users\ga1b\desktop\new-mahousyoujo\new_mahousyoujo\x64\release\objshockwave.obj
c:\users\ga1b\desktop\new-mahousyoujo\new_mahousyoujo\x64\release\objsetting.obj
c:\users\ga1b\desktop\new-mahousyoujo\new_mahousyoujo\x64\release\objpausemenu.obj
c:\users\ga1b\desktop\new-mahousyoujo\new_mahousyoujo\x64\release\objmodeselect.obj
c:\users\ga1b\desktop\new-mahousyoujo\new_mahousyoujo\x64\release\objmenuendless.obj
c:\users\ga1b\desktop\new-mahousyoujo\new_mahousyoujo\x64\release\objmana.obj
c:\users\ga1b\desktop\new-mahousyoujo\x64\release\new_mahousyoujo.exe
c:\users\ga1b\desktop\new-mahousyoujo\x64\release\new_mahousyoujo.pdb
c:\users\ga1b\desktop\new-mahousyoujo\x64\release\new_mahousyoujo.ipdb
c:\users\ga1b\desktop\new-mahousyoujo\x64\release\new_mahousyoujo.iobj
c:\users\ga1b\desktop\new-mahousyoujo\new_mahousyoujo\x64\release\new_mahousyoujo.tlog\cl.command.1.tlog
c:\users\ga1b\desktop\new-mahousyoujo\new_mahousyoujo\x64\release\new_mahousyoujo.tlog\cl.read.1.tlog
c:\users\ga1b\desktop\new-mahousyoujo\new_mahousyoujo\x64\release\new_mahousyoujo.tlog\cl.write.1.tlog
c:\users\ga1b\desktop\new-mahousyoujo\new_mahousyoujo\x64\release\new_mahousyoujo.tlog\link.command.1.tlog
c:\users\ga1b\desktop\new-mahousyoujo\new_mahousyoujo\x64\release\new_mahousyoujo.tlog\link.read.1.tlog
c:\users\ga1b\desktop\new-mahousyoujo\new_mahousyoujo\x64\release\new_mahousyoujo.tlog\link.write.1.tlog
c:\users\ga1b\desktop\new-mahousyoujo\new_mahousyoujo\x64\release\new_mahousyoujo.tlog\new_mahousyoujo.write.1u.tlog
