  ObjHero.cpp
C:\Users\rimin\source\repos\New-Mahousyoujo\New_MahouSyoujo\ObjHero.h(25,23): warning C4244: 'return': 'float' から 'int' への変換です。データが失われる可能性があります。
C:\Users\rimin\source\repos\New-Mahousyoujo\New_MahouSyoujo\ObjHero.h(26,26): warning C4244: 'return': 'float' から 'int' への変換です。データが失われる可能性があります。
C:\Users\rimin\source\repos\New-Mahousyoujo\New_MahouSyoujo\ObjBoss1.h(16,26): warning C4244: 'return': 'float' から 'int' への変換です。データが失われる可能性があります。
C:\Users\rimin\source\repos\New-Mahousyoujo\New_MahouSyoujo\ObjBoss1.h(17,22): warning C4244: 'return': 'float' から 'int' への変換です。データが失われる可能性があります。
C:\Users\rimin\source\repos\New-Mahousyoujo\New_MahouSyoujo\ObjHero.cpp(57,51): warning C4244: '=': 'double' から 'float' への変換です。データが失われる可能性があります。
C:\Users\rimin\source\repos\New-Mahousyoujo\New_MahouSyoujo\ObjHero.cpp(102,15): warning C4305: '-=': 'double' から 'float' へ切り詰めます。
C:\Users\rimin\source\repos\New-Mahousyoujo\New_MahouSyoujo\ObjHero.cpp(110,15): warning C4305: '+=': 'double' から 'float' へ切り詰めます。
C:\Users\rimin\source\repos\New-Mahousyoujo\New_MahouSyoujo\ObjHero.cpp(123,16): warning C4244: '=': 'double' から 'float' への変換です。データが失われる可能性があります。
C:\Users\rimin\source\repos\New-Mahousyoujo\New_MahouSyoujo\ObjHero.cpp(131,34): warning C4244: '=': 'int' から 'float' への変換です。データが失われる可能性があります。
C:\Users\rimin\source\repos\New-Mahousyoujo\New_MahouSyoujo\ObjHero.cpp(147,76): warning C4244: '引数': 'float' から 'int' への変換です。データが失われる可能性があります。
C:\Users\rimin\source\repos\New-Mahousyoujo\New_MahouSyoujo\ObjHero.cpp(160,72): warning C4244: '引数': 'float' から 'int' への変換です。データが失われる可能性があります。
C:\Users\rimin\source\repos\New-Mahousyoujo\New_MahouSyoujo\ObjHero.cpp(218,16): warning C4838: 'float' から 'int' への変換には縮小変換が必要です
C:\Users\rimin\source\repos\New-Mahousyoujo\New_MahouSyoujo\ObjHero.cpp(218,16): warning C4244: '初期化中': 'float' から 'int' への変換です。データが失われる可能性があります。
C:\Users\rimin\source\repos\New-Mahousyoujo\New_MahouSyoujo\ObjHero.cpp(219,17): warning C4838: 'float' から 'int' への変換には縮小変換が必要です
C:\Users\rimin\source\repos\New-Mahousyoujo\New_MahouSyoujo\ObjHero.cpp(219,17): warning C4244: '初期化中': 'float' から 'int' への変換です。データが失われる可能性があります。
C:\Users\rimin\source\repos\New-Mahousyoujo\New_MahouSyoujo\ObjHero.cpp(220,17): warning C4838: 'float' から 'int' への変換には縮小変換が必要です
C:\Users\rimin\source\repos\New-Mahousyoujo\New_MahouSyoujo\ObjHero.cpp(220,17): warning C4244: '初期化中': 'float' から 'int' への変換です。データが失われる可能性があります。
C:\Users\rimin\source\repos\New-Mahousyoujo\New_MahouSyoujo\ObjHero.cpp(221,17): warning C4838: 'float' から 'int' への変換には縮小変換が必要です
C:\Users\rimin\source\repos\New-Mahousyoujo\New_MahouSyoujo\ObjHero.cpp(221,17): warning C4244: '初期化中': 'float' から 'int' への変換です。データが失われる可能性があります。
C:\Users\rimin\source\repos\New-Mahousyoujo\New_MahouSyoujo\ObjHero.cpp(222,19): warning C4838: 'float' から 'int' への変換には縮小変換が必要です
C:\Users\rimin\source\repos\New-Mahousyoujo\New_MahouSyoujo\ObjHero.cpp(222,19): warning C4244: '初期化中': 'float' から 'int' への変換です。データが失われる可能性があります。
C:\Users\rimin\source\repos\New-Mahousyoujo\New_MahouSyoujo\ObjHero.cpp(223,19): warning C4838: 'float' から 'int' への変換には縮小変換が必要です
C:\Users\rimin\source\repos\New-Mahousyoujo\New_MahouSyoujo\ObjHero.cpp(223,19): warning C4244: '初期化中': 'float' から 'int' への変換です。データが失われる可能性があります。
C:\Users\rimin\source\repos\New-Mahousyoujo\New_MahouSyoujo\ObjHero.cpp(224,19): warning C4838: 'float' から 'int' への変換には縮小変換が必要です
C:\Users\rimin\source\repos\New-Mahousyoujo\New_MahouSyoujo\ObjHero.cpp(224,19): warning C4244: '初期化中': 'float' から 'int' への変換です。データが失われる可能性があります。
C:\Users\rimin\source\repos\New-Mahousyoujo\New_MahouSyoujo\ObjHero.cpp(225,19): warning C4838: 'float' から 'int' への変換には縮小変換が必要です
C:\Users\rimin\source\repos\New-Mahousyoujo\New_MahouSyoujo\ObjHero.cpp(225,19): warning C4244: '初期化中': 'float' から 'int' への変換です。データが失われる可能性があります。
C:\Users\rimin\source\repos\New-Mahousyoujo\New_MahouSyoujo\ObjHero.cpp(226,16): warning C4838: 'float' から 'int' への変換には縮小変換が必要です
C:\Users\rimin\source\repos\New-Mahousyoujo\New_MahouSyoujo\ObjHero.cpp(226,16): warning C4244: '初期化中': 'float' から 'int' への変換です。データが失われる可能性があります。
C:\Users\rimin\source\repos\New-Mahousyoujo\New_MahouSyoujo\ObjHero.cpp(227,17): warning C4838: 'float' から 'int' への変換には縮小変換が必要です
C:\Users\rimin\source\repos\New-Mahousyoujo\New_MahouSyoujo\ObjHero.cpp(227,17): warning C4244: '初期化中': 'float' から 'int' への変換です。データが失われる可能性があります。
C:\Users\rimin\source\repos\New-Mahousyoujo\New_MahouSyoujo\ObjHero.cpp(348,23): warning C4305: '+=': 'double' から 'float' へ切り詰めます。
C:\Users\rimin\source\repos\New-Mahousyoujo\New_MahouSyoujo\ObjHero.cpp(364,39): warning C4838: 'int' から 'float' への変換には縮小変換が必要です
C:\Users\rimin\source\repos\New-Mahousyoujo\New_MahouSyoujo\ObjHero.cpp(364,39): warning C4244: '初期化中': 'int' から 'float' への変換です。データが失われる可能性があります。
  New_MahouSyoujo.vcxproj -> C:\Users\rimin\source\repos\New-Mahousyoujo\Debug\New_MahouSyoujo.exe
