c:\users\rimin\source\repos\new-mahousyoujo\new_mahousyoujo\release\vc142.pdb
c:\users\rimin\source\repos\new-mahousyoujo\new_mahousyoujo\release\objallbullet.obj
c:\users\rimin\source\repos\new-mahousyoujo\new_mahousyoujo\release\wininputs.obj
c:\users\rimin\source\repos\new-mahousyoujo\new_mahousyoujo\release\userdata.obj
c:\users\rimin\source\repos\new-mahousyoujo\new_mahousyoujo\release\setwindow.obj
c:\users\rimin\source\repos\new-mahousyoujo\new_mahousyoujo\release\sceneobjmanager.obj
c:\users\rimin\source\repos\new-mahousyoujo\new_mahousyoujo\release\scenemanager.obj
c:\users\rimin\source\repos\new-mahousyoujo\new_mahousyoujo\release\multithread.obj
c:\users\rimin\source\repos\new-mahousyoujo\new_mahousyoujo\release\hitboxmanager.obj
c:\users\rimin\source\repos\new-mahousyoujo\new_mahousyoujo\release\gamel_main.obj
c:\users\rimin\source\repos\new-mahousyoujo\new_mahousyoujo\release\drawtexture.obj
c:\users\rimin\source\repos\new-mahousyoujo\new_mahousyoujo\release\drawfont.obj
c:\users\rimin\source\repos\new-mahousyoujo\new_mahousyoujo\release\draw2dtex_source.obj
c:\users\rimin\source\repos\new-mahousyoujo\new_mahousyoujo\release\directxdevice.obj
c:\users\rimin\source\repos\new-mahousyoujo\new_mahousyoujo\release\audio.obj
c:\users\rimin\source\repos\new-mahousyoujo\new_mahousyoujo\release\enemyappear.obj
c:\users\rimin\source\repos\new-mahousyoujo\new_mahousyoujo\release\objdamegedisplay.obj
c:\users\rimin\source\repos\new-mahousyoujo\new_mahousyoujo\release\objcaution.obj
c:\users\rimin\source\repos\new-mahousyoujo\new_mahousyoujo\release\objbarriericon.obj
c:\users\rimin\source\repos\new-mahousyoujo\new_mahousyoujo\release\cobjhomingbullet.obj
c:\users\rimin\source\repos\new-mahousyoujo\new_mahousyoujo\release\clearfadeout.obj
c:\users\rimin\source\repos\new-mahousyoujo\new_mahousyoujo\release\objgaugemana.obj
c:\users\rimin\source\repos\new-mahousyoujo\new_mahousyoujo\release\objgaugehp.obj
c:\users\rimin\source\repos\new-mahousyoujo\new_mahousyoujo\release\objgaugeboss.obj
c:\users\rimin\source\repos\new-mahousyoujo\new_mahousyoujo\release\objgaugebase.obj
c:\users\rimin\source\repos\new-mahousyoujo\new_mahousyoujo\release\objgameover.obj
c:\users\rimin\source\repos\new-mahousyoujo\new_mahousyoujo\release\objgameclear.obj
c:\users\rimin\source\repos\new-mahousyoujo\new_mahousyoujo\release\objfireball.obj
c:\users\rimin\source\repos\new-mahousyoujo\new_mahousyoujo\release\objenemyamount.obj
c:\users\rimin\source\repos\new-mahousyoujo\new_mahousyoujo\release\objenemy4.obj
c:\users\rimin\source\repos\new-mahousyoujo\new_mahousyoujo\release\objenemy3.obj
c:\users\rimin\source\repos\new-mahousyoujo\new_mahousyoujo\release\objenemy2.obj
c:\users\rimin\source\repos\new-mahousyoujo\new_mahousyoujo\release\objenemy.obj
c:\users\rimin\source\repos\new-mahousyoujo\new_mahousyoujo\release\objendlessresult.obj
c:\users\rimin\source\repos\new-mahousyoujo\new_mahousyoujo\release\objdragon.obj
c:\users\rimin\source\repos\new-mahousyoujo\new_mahousyoujo\release\objcustomize.obj
c:\users\rimin\source\repos\new-mahousyoujo\new_mahousyoujo\release\objbullet.obj
c:\users\rimin\source\repos\new-mahousyoujo\new_mahousyoujo\release\objboss1.obj
c:\users\rimin\source\repos\new-mahousyoujo\new_mahousyoujo\release\objblock.obj
c:\users\rimin\source\repos\new-mahousyoujo\new_mahousyoujo\release\objbarrier.obj
c:\users\rimin\source\repos\new-mahousyoujo\new_mahousyoujo\release\objbackground.obj
c:\users\rimin\source\repos\new-mahousyoujo\new_mahousyoujo\release\scenemain.obj
c:\users\rimin\source\repos\new-mahousyoujo\new_mahousyoujo\release\scenegameover.obj
c:\users\rimin\source\repos\new-mahousyoujo\new_mahousyoujo\release\scenegameclear.obj
c:\users\rimin\source\repos\new-mahousyoujo\new_mahousyoujo\release\objtitle.obj
c:\users\rimin\source\repos\new-mahousyoujo\new_mahousyoujo\release\objsword.obj
c:\users\rimin\source\repos\new-mahousyoujo\new_mahousyoujo\release\objstageselect.obj
c:\users\rimin\source\repos\new-mahousyoujo\new_mahousyoujo\release\objsmallslim.obj
c:\users\rimin\source\repos\new-mahousyoujo\new_mahousyoujo\release\objslimeball.obj
c:\users\rimin\source\repos\new-mahousyoujo\new_mahousyoujo\release\objshockwave.obj
c:\users\rimin\source\repos\new-mahousyoujo\new_mahousyoujo\release\objsetting.obj
c:\users\rimin\source\repos\new-mahousyoujo\new_mahousyoujo\release\objphoto.obj
c:\users\rimin\source\repos\new-mahousyoujo\new_mahousyoujo\release\objpausemenu.obj
c:\users\rimin\source\repos\new-mahousyoujo\new_mahousyoujo\release\objmodeselect.obj
c:\users\rimin\source\repos\new-mahousyoujo\new_mahousyoujo\release\objmeteoricon.obj
c:\users\rimin\source\repos\new-mahousyoujo\new_mahousyoujo\release\objmenuendless.obj
c:\users\rimin\source\repos\new-mahousyoujo\new_mahousyoujo\release\objmana.obj
c:\users\rimin\source\repos\new-mahousyoujo\new_mahousyoujo\release\objmagicalgirl.obj
c:\users\rimin\source\repos\new-mahousyoujo\new_mahousyoujo\release\objicon.obj
c:\users\rimin\source\repos\new-mahousyoujo\new_mahousyoujo\release\objhero.obj
c:\users\rimin\source\repos\new-mahousyoujo\new_mahousyoujo\release\objheelicon.obj
c:\users\rimin\source\repos\new-mahousyoujo\new_mahousyoujo\release\utilitymodule.obj
c:\users\rimin\source\repos\new-mahousyoujo\new_mahousyoujo\release\tutorialhero.obj
c:\users\rimin\source\repos\new-mahousyoujo\new_mahousyoujo\release\tutorial.obj
c:\users\rimin\source\repos\new-mahousyoujo\new_mahousyoujo\release\scenetitle.obj
c:\users\rimin\source\repos\new-mahousyoujo\new_mahousyoujo\release\scenemenu.obj
c:\users\rimin\source\repos\new-mahousyoujo\release\new_mahousyoujo.exe
c:\users\rimin\source\repos\new-mahousyoujo\release\new_mahousyoujo.pdb
c:\users\rimin\source\repos\new-mahousyoujo\release\new_mahousyoujo.ipdb
c:\users\rimin\source\repos\new-mahousyoujo\release\new_mahousyoujo.iobj
c:\users\rimin\source\repos\new-mahousyoujo\new_mahousyoujo\release\new_mahousyoujo.tlog\cl.command.1.tlog
c:\users\rimin\source\repos\new-mahousyoujo\new_mahousyoujo\release\new_mahousyoujo.tlog\cl.read.1.tlog
c:\users\rimin\source\repos\new-mahousyoujo\new_mahousyoujo\release\new_mahousyoujo.tlog\cl.write.1.tlog
c:\users\rimin\source\repos\new-mahousyoujo\new_mahousyoujo\release\new_mahousyoujo.tlog\link.command.1.tlog
c:\users\rimin\source\repos\new-mahousyoujo\new_mahousyoujo\release\new_mahousyoujo.tlog\link.read.1.tlog
c:\users\rimin\source\repos\new-mahousyoujo\new_mahousyoujo\release\new_mahousyoujo.tlog\link.write.1.tlog
c:\users\rimin\source\repos\new-mahousyoujo\new_mahousyoujo\release\new_mahousyoujo.tlog\new_mahousyoujo.write.1u.tlog
