  CObjHomingBullet.cpp
C:\Users\rimin\source\repos\New-Mahousyoujo\New_MahouSyoujo\ObjHero.h(25,23): warning C4244: 'return': 'float' から 'int' への変換です。データが失われる可能性があります。
C:\Users\rimin\source\repos\New-Mahousyoujo\New_MahouSyoujo\ObjHero.h(26,26): warning C4244: 'return': 'float' から 'int' への変換です。データが失われる可能性があります。
C:\Users\rimin\source\repos\New-Mahousyoujo\New_MahouSyoujo\ObjBoss1.h(16,26): warning C4244: 'return': 'float' から 'int' への変換です。データが失われる可能性があります。
C:\Users\rimin\source\repos\New-Mahousyoujo\New_MahouSyoujo\ObjBoss1.h(17,22): warning C4244: 'return': 'float' から 'int' への変換です。データが失われる可能性があります。
C:\Users\rimin\source\repos\New-Mahousyoujo\New_MahouSyoujo\CObjHomingBullet.cpp(129,9): warning C4244: 'return': 'float' から 'int' への変換です。データが失われる可能性があります。
  ObjEnemyAmount.cpp
C:\Users\rimin\source\repos\New-Mahousyoujo\New_MahouSyoujo\ObjHero.h(25,23): warning C4244: 'return': 'float' から 'int' への変換です。データが失われる可能性があります。
C:\Users\rimin\source\repos\New-Mahousyoujo\New_MahouSyoujo\ObjHero.h(26,26): warning C4244: 'return': 'float' から 'int' への変換です。データが失われる可能性があります。
C:\Users\rimin\source\repos\New-Mahousyoujo\New_MahouSyoujo\ObjBoss1.h(16,26): warning C4244: 'return': 'float' から 'int' への変換です。データが失われる可能性があります。
C:\Users\rimin\source\repos\New-Mahousyoujo\New_MahouSyoujo\ObjBoss1.h(17,22): warning C4244: 'return': 'float' から 'int' への変換です。データが失われる可能性があります。
  ObjMagicalGirl.cpp
C:\Users\rimin\source\repos\New-Mahousyoujo\New_MahouSyoujo\ObjHero.h(25,23): warning C4244: 'return': 'float' から 'int' への変換です。データが失われる可能性があります。
C:\Users\rimin\source\repos\New-Mahousyoujo\New_MahouSyoujo\ObjHero.h(26,26): warning C4244: 'return': 'float' から 'int' への変換です。データが失われる可能性があります。
C:\Users\rimin\source\repos\New-Mahousyoujo\New_MahouSyoujo\ObjBoss1.h(16,26): warning C4244: 'return': 'float' から 'int' への変換です。データが失われる可能性があります。
C:\Users\rimin\source\repos\New-Mahousyoujo\New_MahouSyoujo\ObjBoss1.h(17,22): warning C4244: 'return': 'float' から 'int' への変換です。データが失われる可能性があります。
C:\Users\rimin\source\repos\New-Mahousyoujo\New_MahouSyoujo\ObjMagicalGirl.cpp(148,70): warning C4244: '引数': 'int' から 'float' への変換です。データが失われる可能性があります。
C:\Users\rimin\source\repos\New-Mahousyoujo\New_MahouSyoujo\ObjMagicalGirl.cpp(328,9): warning C4244: 'return': 'float' から 'int' への変換です。データが失われる可能性があります。
  ObjMana.cpp
C:\Users\rimin\source\repos\New-Mahousyoujo\New_MahouSyoujo\ObjHero.h(25,23): warning C4244: 'return': 'float' から 'int' への変換です。データが失われる可能性があります。
C:\Users\rimin\source\repos\New-Mahousyoujo\New_MahouSyoujo\ObjHero.h(26,26): warning C4244: 'return': 'float' から 'int' への変換です。データが失われる可能性があります。
C:\Users\rimin\source\repos\New-Mahousyoujo\New_MahouSyoujo\ObjBoss1.h(16,26): warning C4244: 'return': 'float' から 'int' への変換です。データが失われる可能性があります。
C:\Users\rimin\source\repos\New-Mahousyoujo\New_MahouSyoujo\ObjBoss1.h(17,22): warning C4244: 'return': 'float' から 'int' への変換です。データが失われる可能性があります。
C:\Users\rimin\source\repos\New-Mahousyoujo\New_MahouSyoujo\ObjMana.cpp(45,56): warning C4244: '=': 'double' から 'float' への変換です。データが失われる可能性があります。
C:\Users\rimin\source\repos\New-Mahousyoujo\New_MahouSyoujo\ObjMana.cpp(61,15): warning C4838: 'float' から 'int' への変換には縮小変換が必要です
C:\Users\rimin\source\repos\New-Mahousyoujo\New_MahouSyoujo\ObjMana.cpp(61,15): warning C4244: '初期化中': 'float' から 'int' への変換です。データが失われる可能性があります。
C:\Users\rimin\source\repos\New-Mahousyoujo\New_MahouSyoujo\ObjMana.cpp(62,15): warning C4838: 'float' から 'int' への変換には縮小変換が必要です
C:\Users\rimin\source\repos\New-Mahousyoujo\New_MahouSyoujo\ObjMana.cpp(62,15): warning C4244: '初期化中': 'float' から 'int' への変換です。データが失われる可能性があります。
C:\Users\rimin\source\repos\New-Mahousyoujo\New_MahouSyoujo\ObjMana.cpp(63,15): warning C4838: 'float' から 'int' への変換には縮小変換が必要です
C:\Users\rimin\source\repos\New-Mahousyoujo\New_MahouSyoujo\ObjMana.cpp(63,15): warning C4244: '初期化中': 'float' から 'int' への変換です。データが失われる可能性があります。
C:\Users\rimin\source\repos\New-Mahousyoujo\New_MahouSyoujo\ObjMana.cpp(64,15): warning C4838: 'float' から 'int' への変換には縮小変換が必要です
C:\Users\rimin\source\repos\New-Mahousyoujo\New_MahouSyoujo\ObjMana.cpp(64,15): warning C4244: '初期化中': 'float' から 'int' への変換です。データが失われる可能性があります。
C:\Users\rimin\source\repos\New-Mahousyoujo\New_MahouSyoujo\ObjMana.cpp(65,18): warning C4838: 'float' から 'int' への変換には縮小変換が必要です
C:\Users\rimin\source\repos\New-Mahousyoujo\New_MahouSyoujo\ObjMana.cpp(65,18): warning C4244: '初期化中': 'float' から 'int' への変換です。データが失われる可能性があります。
C:\Users\rimin\source\repos\New-Mahousyoujo\New_MahouSyoujo\ObjMana.cpp(66,19): warning C4838: 'float' から 'int' への変換には縮小変換が必要です
C:\Users\rimin\source\repos\New-Mahousyoujo\New_MahouSyoujo\ObjMana.cpp(66,19): warning C4244: '初期化中': 'float' から 'int' への変換です。データが失われる可能性があります。
C:\Users\rimin\source\repos\New-Mahousyoujo\New_MahouSyoujo\ObjMana.cpp(67,17): warning C4838: 'float' から 'int' への変換には縮小変換が必要です
C:\Users\rimin\source\repos\New-Mahousyoujo\New_MahouSyoujo\ObjMana.cpp(67,17): warning C4244: '初期化中': 'float' から 'int' への変換です。データが失われる可能性があります。
C:\Users\rimin\source\repos\New-Mahousyoujo\New_MahouSyoujo\ObjMana.cpp(68,18): warning C4838: 'float' から 'int' への変換には縮小変換が必要です
C:\Users\rimin\source\repos\New-Mahousyoujo\New_MahouSyoujo\ObjMana.cpp(68,18): warning C4244: '初期化中': 'float' から 'int' への変換です。データが失われる可能性があります。
C:\Users\rimin\source\repos\New-Mahousyoujo\New_MahouSyoujo\ObjMana.cpp(77,33): warning C4244: '=': 'double' から 'float' への変換です。データが失われる可能性があります。
C:\Users\rimin\source\repos\New-Mahousyoujo\New_MahouSyoujo\ObjMana.cpp(81,85): warning C4244: '引数': 'float' から 'int' への変換です。データが失われる可能性があります。
  コード生成しています。
  12 of 1093 functions ( 1.1%) were compiled, the rest were copied from previous compilation.
    0 functions were new in current compilation
    2 functions had inline decision re-evaluated but remain unchanged
  コード生成が終了しました。
  New_MahouSyoujo.vcxproj -> C:\Users\rimin\source\repos\New-Mahousyoujo\Release\New_MahouSyoujo.exe
